[2026-04-05T00:03:10.144Z] --- 🛡️ AEGIS-SOVEREIGN RPC AUDIT STARTING ---
[2026-04-05T00:03:10.144Z] Target: 41 chains configured.

[2026-04-05T00:03:10.247Z] ✅ [Ethereum       ] https://eth.drpc.org                          | Block:  24809745 | Latency: 103ms
[2026-04-05T00:03:10.369Z] ❌ [Ethereum       ] https://rpc.ankr.com/eth                      | FAILED: Unauthorized: You must authenticate your request w
[2026-04-05T00:03:10.422Z] ✅ [BNB Smart Chain] https://bsc.drpc.org                          | Block:  90661640 | Latency: 53ms
[2026-04-05T00:03:10.671Z] ✅ [BNB Smart Chain] https://bsc-dataseed.binance.org              | Block:  90661640 | Latency: 301ms
[2026-04-05T00:03:10.690Z] ❌ [Polygon        ] https://rpc.ankr.com/polygon                  | FAILED: Unauthorized: You must authenticate your request w
[2026-04-05T00:03:10.720Z] ✅ [Polygon        ] https://polygon.drpc.org                      | Block:  85113676 | Latency: 49ms
[2026-04-05T00:03:10.770Z] ✅ [Base           ] https://base.drpc.org                         | Block:  44279022 | Latency: 50ms
[2026-04-05T00:03:10.849Z] ✅ [Base           ] https://mainnet.base.org                      | Block:  44279022 | Latency: 128ms
[2026-04-05T00:03:10.906Z] ✅ [Arbitrum One   ] https://arbitrum.drpc.org                     | Block: 449117904 | Latency: 57ms
[2026-04-05T00:03:10.978Z] ✅ [Arbitrum One   ] https://arb1.arbitrum.io/rpc                  | Block: 449117903 | Latency: 128ms
[2026-04-05T00:03:11.030Z] ✅ [Optimism       ] https://optimism.drpc.org                     | Block: 149874307 | Latency: 52ms
[2026-04-05T00:03:11.042Z] ✅ [Optimism       ] https://mainnet.optimism.io                   | Block: 149874307 | Latency: 63ms
[2026-04-05T00:03:11.070Z] ❌ [Avalanche      ] https://rpc.ankr.com/avalanche                | FAILED: Unauthorized: You must authenticate your request w
[2026-04-05T00:03:11.106Z] ✅ [Avalanche      ] https://avalanche.drpc.org                    | Block:  82127820 | Latency: 63ms
[2026-04-05T00:03:11.158Z] ✅ [zkSync Era     ] https://zksync.drpc.org                       | Block:  69404650 | Latency: 51ms
[2026-04-05T00:03:11.232Z] ✅ [zkSync Era     ] https://mainnet.era.zksync.io                 | Block:  69404650 | Latency: 125ms
[2026-04-05T00:03:11.294Z] ✅ [Sonic          ] https://sonic.drpc.org                        | Block:  66663043 | Latency: 62ms
[2026-04-05T00:03:11.472Z] ✅ [Sonic          ] https://rpc.soniclabs.com                     | Block:  66663043 | Latency: 239ms
[2026-04-05T00:03:11.551Z] ❌ [Sei Network    ] https://sei-rpc.publicnode.com                | FAILED: Method not found
[2026-04-05T00:03:11.574Z] ✅ [Sei Network    ] https://sei.drpc.org                          | Block: 200907949 | Latency: 102ms
[2026-04-05T00:03:11.626Z] ✅ [Linea          ] https://linea.drpc.org                        | Block:  30062397 | Latency: 52ms
[2026-04-05T00:03:11.723Z] ✅ [Linea          ] https://rpc.linea.build                       | Block:  30062397 | Latency: 149ms
[2026-04-05T00:03:11.795Z] ✅ [Blast          ] https://rpc.blast.io                          | Block:  33268788 | Latency: 72ms
[2026-04-05T00:03:11.836Z] ✅ [Blast          ] https://blast.drpc.org                        | Block:  33268788 | Latency: 113ms
[2026-04-05T00:03:11.877Z] ✅ [Scroll         ] https://rpc.scroll.io                         | Block:  33077843 | Latency: 41ms
[2026-04-05T00:03:11.939Z] ✅ [Scroll         ] https://scroll.drpc.org                       | Block:  33077843 | Latency: 103ms
[2026-04-05T00:03:11.998Z] ✅ [Mantle         ] https://mantle.drpc.org                       | Block:  93608540 | Latency: 59ms
[2026-04-05T00:03:12.026Z] ✅ [Mantle         ] https://rpc.mantle.xyz                        | Block:  93608540 | Latency: 86ms
[2026-04-05T00:03:12.077Z] ✅ [Polygon zkEVM  ] https://zkevm-rpc.com                         | Block:  30986716 | Latency: 51ms
[2026-04-05T00:03:12.126Z] ✅ [Celo           ] https://forno.celo.org                        | Block:  63446634 | Latency: 49ms
[2026-04-05T00:03:12.130Z] ✅ [Celo           ] https://celo.drpc.org                         | Block:  63446633 | Latency: 53ms
[2026-04-05T00:03:12.184Z] ✅ [Gnosis         ] https://gnosis.drpc.org                       | Block:  45508955 | Latency: 54ms
[2026-04-05T00:03:12.230Z] ✅ [Gnosis         ] https://rpc.gnosischain.com                   | Block:  45508955 | Latency: 100ms
[2026-04-05T00:03:12.248Z] ❌ [Fantom         ] https://rpc.ankr.com/fantom                   | FAILED: Unauthorized: You must authenticate your request w
[2026-04-05T00:03:12.345Z] ❌ [Fantom         ] https://fantom.drpc.org                       | FAILED: the method eth_blockNumber does not exist/is not a
[2026-04-05T00:03:12.408Z] ✅ [Moonbeam       ] https://rpc.api.moonbeam.network              | Block:  15092986 | Latency: 62ms
[2026-04-05T00:03:12.457Z] ✅ [Moonbeam       ] https://moonbeam.drpc.org                     | Block:  15092986 | Latency: 112ms
[2026-04-05T00:03:12.536Z] ✅ [Moonriver      ] https://moonriver.publicnode.com              | Block:  15765701 | Latency: 79ms
[2026-04-05T00:03:12.636Z] ✅ [Cronos         ] https://evm.cronos.org                        | Block:  63599410 | Latency: 99ms
[2026-04-05T00:03:12.636Z] ✅ [Cronos         ] https://cronos.drpc.org                       | Block:  63599479 | Latency: 100ms
[2026-04-05T00:03:12.738Z] ✅ [X Layer        ] https://xlayer.drpc.org                       | Block:  56578356 | Latency: 102ms
[2026-04-05T00:03:13.267Z] ✅ [X Layer        ] https://rpc.xlayer.tech                       | Block:  56578358 | Latency: 630ms
[2026-04-05T00:03:13.369Z] ❌ [Taiko          ] https://taiko.drpc.org                        | FAILED: the method eth_blockNumber does not exist/is not a
[2026-04-05T00:03:13.405Z] ✅ [Taiko          ] https://rpc.mainnet.taiko.xyz                 | Block:   5092494 | Latency: 137ms
[2026-04-05T00:03:13.477Z] ✅ [opBNB          ] https://opbnb.drpc.org                        | Block: 128921851 | Latency: 72ms
[2026-04-05T00:03:13.740Z] ✅ [opBNB          ] https://opbnb-mainnet-rpc.bnbchain.org        | Block: 128921855 | Latency: 335ms
[2026-04-05T00:03:13.843Z] ✅ [Metis          ] https://metis.drpc.org                        | Block:  22475030 | Latency: 103ms
[2026-04-05T00:03:14.113Z] ✅ [Metis          ] https://andromeda.metis.io                    | Block:  22475030 | Latency: 372ms
[2026-04-05T00:03:14.231Z] ✅ [Core           ] https://core.drpc.org                         | Block:  34013046 | Latency: 118ms
[2026-04-05T00:03:14.243Z] ✅ [Core           ] https://rpc.coredao.org                       | Block:  34013046 | Latency: 130ms
[2026-04-05T00:03:14.346Z] ✅ [World Chain    ] https://worldchain.drpc.org                   | Block:  28005878 | Latency: 103ms
[2026-04-05T00:03:14.394Z] ✅ [Evmos          ] https://evmos-evm-rpc.publicnode.com          | Block:  36434965 | Latency: 47ms
[2026-04-05T00:03:14.455Z] ✅ [Evmos          ] https://evmos.drpc.org                        | Block:  36434965 | Latency: 108ms
[2026-04-05T00:03:14.522Z] ✅ [Kava EVM       ] https://kava.drpc.org                         | Block:  20115668 | Latency: 67ms
[2026-04-05T00:03:15.072Z] ✅ [Kava EVM       ] https://evm.kava.io                           | Block:  20115668 | Latency: 617ms
[2026-04-05T00:03:15.134Z] ✅ [Fuse           ] https://rpc.fuse.io                           | Block:  41280576 | Latency: 61ms
[2026-04-05T00:03:15.179Z] ❌ [Fuse           ] https://fuse.drpc.org                         | FAILED: the method eth_blockNumber does not exist/is not a
[2026-04-05T00:03:15.278Z] ❌ [Telos EVM      ] https://mainnet.telos.net                     | FAILED: Invalid Response
[2026-04-05T00:03:15.303Z] ✅ [Telos EVM      ] https://telos.drpc.org                        | Block: 460684216 | Latency: 124ms
[2026-04-05T00:03:15.402Z] ❌ [Rootstock      ] https://rootstock.drpc.org                    | FAILED: the method eth_blockNumber does not exist/is not a
[2026-04-05T00:03:15.772Z] ✅ [Rootstock      ] https://public-node.rsk.co                    | Block:   8698890 | Latency: 468ms
[2026-04-05T00:03:15.903Z] ✅ [Ethereum Classic] https://etc.drpc.org                          | Block:  24305170 | Latency: 131ms
[2026-04-05T00:03:16.163Z] ✅ [Ethereum Classic] https://etc.rivet.link                        | Block:  24305171 | Latency: 390ms
[2026-04-05T00:03:16.275Z] ✅ [Ronin          ] https://ronin.drpc.org                        | Block:  54493934 | Latency: 111ms
[2026-04-05T00:03:16.873Z] ✅ [Ronin          ] https://api.roninchain.com/rpc                | Block:  54493934 | Latency: 709ms
[2026-04-05T00:03:16.951Z] ✅ [CLV            ] https://iris-evm-rpc.publicnode.com           | Block:  34778429 | Latency: 78ms
[2026-04-05T00:03:17.001Z] ✅ [Sepolia        ] https://sepolia.drpc.org                      | Block:  10591832 | Latency: 50ms
[2026-04-05T00:03:17.010Z] ❌ [Sepolia        ] https://rpc.ankr.com/eth_sepolia              | FAILED: Unauthorized: You must authenticate your request w
[2026-04-05T00:03:17.080Z] ✅ [Base Sepolia   ] https://base-sepolia.drpc.org                 | Block:  39789555 | Latency: 70ms
[2026-04-05T00:03:17.363Z] ✅ [Base Sepolia   ] https://sepolia.base.org                      | Block:  39789555 | Latency: 353ms
[2026-04-05T00:03:17.484Z] ✅ [Arbitrum Sepolia] https://arbitrum-sepolia.drpc.org             | Block: 256660917 | Latency: 120ms
[2026-04-05T00:03:17.493Z] ✅ [Arbitrum Sepolia] https://sepolia-rollup.arbitrum.io/rpc        | Block: 256660915 | Latency: 129ms
[2026-04-05T00:03:17.545Z] ✅ [OP Sepolia     ] https://sepolia.optimism.io                   | Block:  41772429 | Latency: 52ms
[2026-04-05T00:03:17.621Z] ✅ [OP Sepolia     ] https://optimism-sepolia.drpc.org             | Block:  41772429 | Latency: 128ms
[2026-04-05T00:03:17.656Z] ✅ [Polygon Amoy   ] https://rpc-amoy.polygon.technology           | Block:  36109926 | Latency: 35ms
[2026-04-05T00:03:17.691Z] ✅ [Polygon Amoy   ] https://polygon-amoy.drpc.org                 | Block:  36109926 | Latency: 70ms
[2026-04-05T00:03:17.772Z] ✅ [BNB Testnet    ] https://bsc-testnet.drpc.org                  | Block:  99794094 | Latency: 81ms
[2026-04-05T00:03:17.773Z] 
--- 📊 AUDIT SUMMARY ---
[2026-04-05T00:03:17.773Z] ✅ Healthy Endpoints: 66
[2026-04-05T00:03:17.773Z] ❌ Failed Endpoints:  11
[2026-04-05T00:03:17.773Z] Report saved to: /workspaces/wallet/wallet/server/src/blockchain/audit-results.log
[2026-04-05T00:03:17.773Z] -------------------------

